<?xml version="1.0" encoding="UTF-8"?>
<testsuite xmlns:xsi="http://www.w3.org/2001/XMLSchema-instance" xsi:noNamespaceSchemaLocation="https://maven.apache.org/surefire/maven-surefire-plugin/xsd/surefire-test-report-3.0.xsd" version="3.0" name="TestSuite" time="81.024" tests="3" errors="0" skipped="0" failures="3">
  <properties>
[...]
</properties>
  <testcase name="verifyAgentLogin" classname="com.chat_test.AgentLoginTest" time="1.486">
    <failure message="expected [ICE Agent Console] but found [502 Bad Gateway]" type="java.lang.AssertionError"><![CDATA[java.lang.AssertionError: expected [ICE Agent Console] but found [502 Bad Gateway]
	at com.chat_test.AgentLoginTest.verifyAgentLogin(AgentLoginTest.java:47)
]]></failure>
    <system-out><![CDATA[06-10-2022 08:42:53 AgentLoginTest.java INFO  [main] TestBase 24 - Opening Mozilla Browser
06-10-2022 08:43:00 AgentLoginTest.java INFO  [main] TestBase 30 - Opening URL
06-10-2022 08:43:04 ChatTest.java INFO  [main] TestBase 25 - Opening Mozilla Browser
06-10-2022 08:43:08 ChatTest.java INFO  [main] TestBase 31 - Opening URL
]]></system-out>
    <system-err><![CDATA[SLF4J: Failed to load class "org.slf4j.impl.StaticLoggerBinder".
SLF4J: Defaulting to no-operation (NOP) logger implementation
SLF4J: See http://www.slf4j.org/codes.html#StaticLoggerBinder for further details.
1654830776408	geckodriver	INFO	Listening on 127.0.0.1:5510
1654830777175	mozrunner::runner	INFO	Running command: "C:\\Program Files\\Mozilla Firefox\\firefox.exe" "--marionette" "-no-remote" "-profile" "C:\\Users\\ashis\\AppData\\Local\\Temp\\rust_mozprofilez4Y7zm"
1654830777772	Marionette	INFO	Marionette enabled
console.warn: SearchSettings: "get: No settings file exists, new profile?" (new NotFoundError("Could not open the file at C:\\Users\\ashis\\AppData\\Local\\Temp\\rust_mozprofilez4Y7zm\\search.json.mozlz4", (void 0)))
1654830779884	Marionette	INFO	Listening on port 52507
Read port: 52507
1654830779949	RemoteAgent	WARN	TLS certificate errors will be ignored for this session
Jun 10, 2022 8:43:00 AM org.openqa.selenium.remote.ProtocolHandshake createSession
INFO: Detected dialect: W3C
console.warn: LoginRecipes: "getRecipes: falling back to a synchronous message for:" "https://staging.enterice.com"
1654830785103	geckodriver	INFO	Listening on 127.0.0.1:22098
1654830785588	mozrunner::runner	INFO	Running command: "C:\\Program Files\\Mozilla Firefox\\firefox.exe" "--marionette" "-no-remote" "-profile" "C:\\Users\\ashis\\AppData\\Local\\Temp\\rust_mozprofile61VW10"
1654830785981	Marionette	INFO	Marionette enabled
console.warn: SearchSettings: "get: No settings file exists, new profile?" (new NotFoundError("Could not open the file at C:\\Users\\ashis\\AppData\\Local\\Temp\\rust_mozprofile61VW10\\search.json.mozlz4", (void 0)))
1654830787941	Marionette	INFO	Listening on port 52577
Read port: 52577
1654830788028	RemoteAgent	WARN	TLS certificate errors will be ignored for this session
Jun 10, 2022 8:43:08 AM org.openqa.selenium.remote.ProtocolHandshake createSession
INFO: Detected dialect: W3C
console.warn: LoginRecipes: "getRecipes: falling back to a synchronous message for:" "https://staging.enterice.com"
console.warn: LoginRecipes: "getRecipes: falling back to a synchronous message for:" "https://staging.enterice.com"
console.warn: LoginRecipes: "getRecipes: falling back to a synchronous message for:" "https://staging.enterice.com"
JavaScript error: resource://gre/modules/LoginManagerParent.jsm, line 136: TypeError: gRecipeManager is null
]]></system-err>
  </testcase>
  <testcase name="verifyAgentLogout" classname="com.chat_test.ChatTest" time="31.072">
    <failure message="Unable to locate element: #profiledd&#10;For documentation on this error, please visit: https://www.seleniumhq.org/exceptions/no_such_element.html&#10;Build info: version: &apos;3.141.59&apos;, revision: &apos;e82be7d358&apos;, time: &apos;2018-11-14T08:17:03&apos;&#10;System info: host: &apos;DESKTOP-FSDKP29&apos;, ip: &apos;192.168.1.13&apos;, os.name: &apos;Windows 10&apos;, os.arch: &apos;amd64&apos;, os.version: &apos;10.0&apos;, java.version: &apos;1.8.0_144&apos;&#10;Driver info: org.openqa.selenium.firefox.FirefoxDriver&#10;Capabilities {acceptInsecureCerts: true, browserName: firefox, browserVersion: 101.0, javascriptEnabled: true, moz:accessibilityChecks: false, moz:buildID: 20220526203855, moz:geckodriverVersion: 0.31.0, moz:headless: false, moz:processID: 20632, moz:profile: C:\Users\ashis\AppData\Loca..., moz:shutdownTimeout: 60000, moz:useNonSpecCompliantPointerOrigin: false, moz:webdriverClick: true, pageLoadStrategy: normal, platform: WINDOWS, platformName: WINDOWS, platformVersion: 10.0, proxy: Proxy(), setWindowRect: true, strictFileInteractability: false, timeouts: {implicit: 0, pageLoad: 300000, script: 30000}, unhandledPromptBehavior: dismiss and notify}&#10;Session ID: 99965eb9-d09b-490a-8aa0-161c16a47bf3&#10;*** Element info: {Using=id, value=profiledd}" type="org.openqa.selenium.NoSuchElementException"><![CDATA[org.openqa.selenium.NoSuchElementException: 
Unable to locate element: #profiledd
For documentation on this error, please visit: https://www.seleniumhq.org/exceptions/no_such_element.html
Build info: version: '3.141.59', revision: 'e82be7d358', time: '2018-11-14T08:17:03'
System info: host: 'DESKTOP-FSDKP29', ip: '192.168.1.13', os.name: 'Windows 10', os.arch: 'amd64', os.version: '10.0', java.version: '1.8.0_144'
Driver info: org.openqa.selenium.firefox.FirefoxDriver
Capabilities {acceptInsecureCerts: true, browserName: firefox, browserVersion: 101.0, javascriptEnabled: true, moz:accessibilityChecks: false, moz:buildID: 20220526203855, moz:geckodriverVersion: 0.31.0, moz:headless: false, moz:processID: 20632, moz:profile: C:\Users\ashis\AppData\Loca..., moz:shutdownTimeout: 60000, moz:useNonSpecCompliantPointerOrigin: false, moz:webdriverClick: true, pageLoadStrategy: normal, platform: WINDOWS, platformName: WINDOWS, platformVersion: 10.0, proxy: Proxy(), setWindowRect: true, strictFileInteractability: false, timeouts: {implicit: 0, pageLoad: 300000, script: 30000}, unhandledPromptBehavior: dismiss and notify}
Session ID: 99965eb9-d09b-490a-8aa0-161c16a47bf3
*** Element info: {Using=id, value=profiledd}
	at com.chat_test.ChatTest.verifyAgentLogout(ChatTest.java:52)
]]></failure>
    <system-err><![CDATA[console.warn: LoginRecipes: "getRecipes: falling back to a synchronous message for:" "https://staging.enterice.com"
console.warn: LoginRecipes: "getRecipes: falling back to a synchronous mJaevssaaScgeri pftor e:r"r o"rh:tt prse:s/ou/srctea:g/i/nggr.ee/ntemroicdeul.ceos/mL"og
inManagerParent.jsm, line 136: TypeError: gRecipeManager is null
]]></system-err>
  </testcase>
  <testcase name="verifyCloseChat" classname="com.chat_test.ChatTest" time="30.025">
    <failure message="Unable to locate element: //em[@xpath=&apos;1&apos;]&#10;For documentation on this error, please visit: https://www.seleniumhq.org/exceptions/no_such_element.html&#10;Build info: version: &apos;3.141.59&apos;, revision: &apos;e82be7d358&apos;, time: &apos;2018-11-14T08:17:03&apos;&#10;System info: host: &apos;DESKTOP-FSDKP29&apos;, ip: &apos;192.168.1.13&apos;, os.name: &apos;Windows 10&apos;, os.arch: &apos;amd64&apos;, os.version: &apos;10.0&apos;, java.version: &apos;1.8.0_144&apos;&#10;Driver info: org.openqa.selenium.firefox.FirefoxDriver&#10;Capabilities {acceptInsecureCerts: true, browserName: firefox, browserVersion: 101.0, javascriptEnabled: true, moz:accessibilityChecks: false, moz:buildID: 20220526203855, moz:geckodriverVersion: 0.31.0, moz:headless: false, moz:processID: 20632, moz:profile: C:\Users\ashis\AppData\Loca..., moz:shutdownTimeout: 60000, moz:useNonSpecCompliantPointerOrigin: false, moz:webdriverClick: true, pageLoadStrategy: normal, platform: WINDOWS, platformName: WINDOWS, platformVersion: 10.0, proxy: Proxy(), setWindowRect: true, strictFileInteractability: false, timeouts: {implicit: 0, pageLoad: 300000, script: 30000}, unhandledPromptBehavior: dismiss and notify}&#10;Session ID: 99965eb9-d09b-490a-8aa0-161c16a47bf3&#10;*** Element info: {Using=xpath, value=//em[@xpath=&apos;1&apos;]}" type="org.openqa.selenium.NoSuchElementException"><![CDATA[org.openqa.selenium.NoSuchElementException: 
Unable to locate element: //em[@xpath='1']
For documentation on this error, please visit: https://www.seleniumhq.org/exceptions/no_such_element.html
Build info: version: '3.141.59', revision: 'e82be7d358', time: '2018-11-14T08:17:03'
System info: host: 'DESKTOP-FSDKP29', ip: '192.168.1.13', os.name: 'Windows 10', os.arch: 'amd64', os.version: '10.0', java.version: '1.8.0_144'
Driver info: org.openqa.selenium.firefox.FirefoxDriver
Capabilities {acceptInsecureCerts: true, browserName: firefox, browserVersion: 101.0, javascriptEnabled: true, moz:accessibilityChecks: false, moz:buildID: 20220526203855, moz:geckodriverVersion: 0.31.0, moz:headless: false, moz:processID: 20632, moz:profile: C:\Users\ashis\AppData\Loca..., moz:shutdownTimeout: 60000, moz:useNonSpecCompliantPointerOrigin: false, moz:webdriverClick: true, pageLoadStrategy: normal, platform: WINDOWS, platformName: WINDOWS, platformVersion: 10.0, proxy: Proxy(), setWindowRect: true, strictFileInteractability: false, timeouts: {implicit: 0, pageLoad: 300000, script: 30000}, unhandledPromptBehavior: dismiss and notify}
Session ID: 99965eb9-d09b-490a-8aa0-161c16a47bf3
*** Element info: {Using=xpath, value=//em[@xpath='1']}
	at com.chat_test.ChatTest.verifyCloseChat(ChatTest.java:45)
]]></failure>
  </testcase>
</testsuite>